<?xml version="1.0" encoding="UTF-8"?>
<!-- Generated by org.testng.reporters.JUnitReportReporter -->
<testsuite hostname="Mahantesh" failures="0" tests="3" name="objectTest.MultipleParameter" time="0.013" errors="0" timestamp="2022-09-08T20:25:48 IST" skipped="0">
  <testcase classname="objectTest.MultipleParameter" name="LoginData" time="0.002"/>
  <system-out/>
  <testcase classname="objectTest.MultipleParameter" name="LoginData" time="0.010"/>
  <system-out/>
  <testcase classname="objectTest.MultipleParameter" name="LoginData" time="0.001"/>
  <system-out/>
</testsuite> <!-- objectTest.MultipleParameter -->
