<?xml version="1.0" encoding="UTF-8"?>
<!-- Generated by org.testng.reporters.JUnitReportReporter -->
<testsuite hostname="Mahantesh" failures="0" tests="1" name="objectTest.LoginTest" time="6.635" errors="0" timestamp="2022-09-14T23:14:26 IST" skipped="0">
  <testcase classname="objectTest.LoginTest" name="logintest" time="6.635"/>
  <system-out/>
</testsuite> <!-- objectTest.LoginTest -->
