<?xml version="1.0" encoding="UTF-8"?>
<!-- Generated by org.testng.reporters.JUnitReportReporter -->
<testsuite hostname="Mahantesh" failures="0" tests="1" name="TestNG.TestNGClassProject.Assertions" time="11.047" errors="0" timestamp="2022-09-06T17:38:59 IST" skipped="0">
  <testcase classname="TestNG.TestNGClassProject.Assertions" name="Assert" time="11.047"/>
  <system-out/>
</testsuite> <!-- TestNG.TestNGClassProject.Assertions -->
