<?xml version="1.0" encoding="UTF-8"?>
<!-- Generated by org.testng.reporters.JUnitReportReporter -->
<testsuite hostname="Mahantesh" failures="0" tests="1" name="objectTest.HRMTest" time="12.375" errors="0" timestamp="2022-09-10T15:05:47 IST" skipped="0">
  <testcase classname="objectTest.HRMTest" name="HRMLogin" time="12.375"/>
  <system-out/>
</testsuite> <!-- objectTest.HRMTest -->
