<?xml version="1.0" encoding="UTF-8"?>
<!-- Generated by org.testng.reporters.JUnitReportReporter -->
<testsuite hostname="Mahantesh" failures="0" tests="1" name="TestNG.TestNGClassProject.Parameterization" time="6.660" errors="0" timestamp="2022-09-08T14:36:08 IST" skipped="0">
  <testcase classname="TestNG.TestNGClassProject.Parameterization" name="siteurl" time="6.660"/>
  <system-out/>
</testsuite> <!-- TestNG.TestNGClassProject.Parameterization -->
