<?xml version="1.0" encoding="UTF-8"?>
<!-- Generated by org.testng.reporters.JUnitReportReporter -->
<testsuite hostname="Mahantesh" failures="0" tests="1" name="TestNG.TestNGClassProject.Class_Test$Test1" time="0.005" errors="0" timestamp="2022-09-01T21:22:36 IST" skipped="0">
  <testcase classname="TestNG.TestNGClassProject.Class_Test$Test1" name="verifyUserProfile" time="0.005"/>
  <system-out/>
</testsuite> <!-- TestNG.TestNGClassProject.Class_Test$Test1 -->
