<?xml version="1.0" encoding="UTF-8"?>
<!-- Generated by org.testng.reporters.JUnitReportReporter -->
<testsuite hostname="Mahantesh" failures="0" tests="1" name="orangehrm.HRMTest" time="31.447" errors="0" timestamp="2022-09-17T16:31:54 IST" skipped="0">
  <testcase classname="orangehrm.HRMTest" name="HRMLogin" time="31.447"/>
  <system-out/>
</testsuite> <!-- orangehrm.HRMTest -->
