<?xml version="1.0" encoding="UTF-8"?>
<!-- Generated by org.testng.reporters.JUnitReportReporter -->
<testsuite hostname="Mahantesh" failures="0" tests="2" name="objectrepo.ListenersClass" time="25.958" errors="0" timestamp="2022-09-09T17:47:48 IST" skipped="0">
  <testcase classname="objectrepo.ListenersClass" name="classlistenersA" time="12.388"/>
  <system-out/>
  <testcase classname="objectrepo.ListenersClass" name="classlistenersB" time="13.570"/>
  <system-out/>
</testsuite> <!-- objectrepo.ListenersClass -->
