<?xml version="1.0" encoding="UTF-8"?>
<!-- Generated by org.testng.reporters.JUnitReportReporter -->
<testsuite hostname="Mahantesh" failures="0" tests="1" name="objectTest.Parameterization" time="10.531" errors="0" timestamp="2022-09-08T18:30:22 IST" skipped="0">
  <testcase classname="objectTest.Parameterization" name="siteurl" time="10.531"/>
  <system-out/>
</testsuite> <!-- objectTest.Parameterization -->
