<?xml version="1.0" encoding="UTF-8"?>
<!-- Generated by org.testng.reporters.JUnitReportReporter -->
<testsuite hostname="Mahantesh" failures="0" tests="1" name="TestNG.TestNGClassProject.TC_Login" time="14.460" errors="0" timestamp="2022-08-27T10:56:47 IST" skipped="0">
  <testcase classname="TestNG.TestNGClassProject.TC_Login" name="login_Test" time="14.460"/>
  <system-out/>
</testsuite> <!-- TestNG.TestNGClassProject.TC_Login -->
