<?xml version="1.0" encoding="UTF-8"?>
<!-- Generated by org.testng.reporters.JUnitReportReporter -->
<testsuite hostname="Mahantesh" failures="0" tests="1" name="TestNG.TestNGClassProject.AllAssertions" time="0.011" errors="0" timestamp="2022-09-02T19:57:33 IST" skipped="0">
  <testcase classname="TestNG.TestNGClassProject.AllAssertions" name="assertTrue" time="0.011"/>
  <system-out/>
</testsuite> <!-- TestNG.TestNGClassProject.AllAssertions -->
