<?xml version="1.0" encoding="UTF-8"?>
<!-- Generated by org.testng.reporters.JUnitReportReporter -->
<testsuite hostname="Mahantesh" failures="0" tests="4" name="TestNG.TestNGClassProject.Priority" time="0.014" errors="0" timestamp="2022-09-06T13:19:01 IST" skipped="0">
  <testcase classname="TestNG.TestNGClassProject.Priority" name="HomePage" time="0.010"/>
  <system-out/>
  <testcase classname="TestNG.TestNGClassProject.Priority" name="UI" time="0.001"/>
  <system-out/>
  <testcase classname="TestNG.TestNGClassProject.Priority" name="MultiTest" time="0.002"/>
  <system-out/>
  <testcase classname="TestNG.TestNGClassProject.Priority" name="Login" time="0.001"/>
  <system-out/>
</testsuite> <!-- TestNG.TestNGClassProject.Priority -->
