<?xml version="1.0" encoding="UTF-8"?>
<!-- Generated by org.testng.reporters.JUnitReportReporter -->
<testsuite hostname="Mahantesh" failures="0" tests="2" name="TestNG.TestNGClassProject.AnnotationsAll" time="0.008" errors="0" timestamp="2022-09-15T19:08:48 IST" skipped="0">
  <testcase classname="TestNG.TestNGClassProject.AnnotationsAll" name="Login" time="0.002"/>
  <system-out/>
  <testcase classname="TestNG.TestNGClassProject.AnnotationsAll" name="HomePage" time="0.006"/>
  <system-out/>
</testsuite> <!-- TestNG.TestNGClassProject.AnnotationsAll -->
