<?xml version="1.0" encoding="UTF-8"?>
<!-- Generated by org.testng.reporters.JUnitReportReporter -->
<testsuite hostname="Mahantesh" failures="0" tests="1" name="inetBanking_V1com.inetbanking.testCases.TC_001_LoginTest" time="67.346" errors="0" timestamp="2022-09-12T20:28:18 IST" skipped="0">
  <testcase classname="inetBanking_V1com.inetbanking.testCases.TC_001_LoginTest" name="LoginTest" time="67.346"/>
  <system-out/>
</testsuite> <!-- inetBanking_V1com.inetbanking.testCases.TC_001_LoginTest -->
